0 info it worked if it ends with ok
1 verbose cli [ '/usr/bin/node', '/usr/bin/npm', 'run', 'seed' ]
2 info using npm@3.5.2
3 info using node@v8.10.0
4 verbose run-script [ 'preseed', 'seed', 'postseed' ]
5 info lifecycle sistempac@1.0.0~preseed: sistempac@1.0.0
6 silly lifecycle sistempac@1.0.0~preseed: no script for preseed, continuing
7 info lifecycle sistempac@1.0.0~seed: sistempac@1.0.0
8 verbose lifecycle sistempac@1.0.0~seed: unsafe-perm in lifecycle true
9 verbose lifecycle sistempac@1.0.0~seed: PATH: /usr/share/npm/bin/node-gyp-bin:/media/rioh/DATA/Backend PAC/sistemPAC/node_modules/.bin:/usr/local/sbin:/usr/local/bin:/usr/sbin:/usr/bin:/sbin:/bin:/usr/games:/usr/local/games:/snap/bin:/usr/lib/jvm/java-8-oracle/bin:/usr/lib/jvm/java-8-oracle/db/bin:/usr/lib/jvm/java-8-oracle/jre/bin
10 verbose lifecycle sistempac@1.0.0~seed: CWD: /media/rioh/DATA/Backend PAC/sistemPAC
11 silly lifecycle sistempac@1.0.0~seed: Args: [ '-c', 'node ./build/seeders/index.js' ]
12 silly lifecycle sistempac@1.0.0~seed: Returned: code: 1  signal: null
13 info lifecycle sistempac@1.0.0~seed: Failed to exec seed script
14 verbose stack Error: sistempac@1.0.0 seed: `node ./build/seeders/index.js`
14 verbose stack Exit status 1
14 verbose stack     at EventEmitter.<anonymous> (/usr/share/npm/lib/utils/lifecycle.js:232:16)
14 verbose stack     at emitTwo (events.js:126:13)
14 verbose stack     at EventEmitter.emit (events.js:214:7)
14 verbose stack     at ChildProcess.<anonymous> (/usr/share/npm/lib/utils/spawn.js:24:14)
14 verbose stack     at emitTwo (events.js:126:13)
14 verbose stack     at ChildProcess.emit (events.js:214:7)
14 verbose stack     at maybeClose (internal/child_process.js:925:16)
14 verbose stack     at Process.ChildProcess._handle.onexit (internal/child_process.js:209:5)
15 verbose pkgid sistempac@1.0.0
16 verbose cwd /media/rioh/DATA/Backend PAC/sistemPAC
17 error Linux 4.15.0-42-generic
18 error argv "/usr/bin/node" "/usr/bin/npm" "run" "seed"
19 error node v8.10.0
20 error npm  v3.5.2
21 error code ELIFECYCLE
22 error sistempac@1.0.0 seed: `node ./build/seeders/index.js`
22 error Exit status 1
23 error Failed at the sistempac@1.0.0 seed script 'node ./build/seeders/index.js'.
23 error Make sure you have the latest version of node.js and npm installed.
23 error If you do, this is most likely a problem with the sistempac package,
23 error not with npm itself.
23 error Tell the author that this fails on your system:
23 error     node ./build/seeders/index.js
23 error You can get information on how to open an issue for this project with:
23 error     npm bugs sistempac
23 error Or if that isn't available, you can get their info via:
23 error     npm owner ls sistempac
23 error There is likely additional logging output above.
24 verbose exit [ 1, true ]
